<?xml version="1.0" encoding="UTF-8"?>
<robot generator="Robot 6.0.2 (Python 3.9.0 on win32)" generated="20230329 09:55:50.780" rpa="false" schemaversion="3">
<suite id="s1" name="demoqaTests" source="C:\SandBox\test-automatization\robot-framework\robot-sandbox\Tests\demoqaTests.robot">
<test id="s1-t1" name="Buttons" line="14">
<kw name="MY setup" library="common" type="SETUP">
<arg>${BROWSER}</arg>
<arg>${URL}</arg>
<arg>${WAITFOR}</arg>
<kw name="MY open browser" library="common">
<arg>${browser}</arg>
<arg>${url}</arg>
<arg>${waitfor}</arg>
<kw name="Open Browser" library="SeleniumLibrary">
<arg>${url}</arg>
<arg>${browser}</arg>
<doc>Opens a new browser instance to the optional ``url``.</doc>
<msg timestamp="20230329 09:55:51.233" level="INFO">Opening browser 'chrome' to base url 'https://demoqa.com/'.</msg>
<status status="PASS" starttime="20230329 09:55:51.233" endtime="20230329 09:55:54.112"/>
</kw>
<kw name="Maximize Browser Window" library="SeleniumLibrary">
<doc>Maximizes current browser window.</doc>
<status status="PASS" starttime="20230329 09:55:54.112" endtime="20230329 09:55:54.257"/>
</kw>
<kw name="Wait Until Page Contains Element" library="SeleniumLibrary">
<arg>${waitfor}</arg>
<doc>Waits until the element ``locator`` appears on the current page.</doc>
<status status="PASS" starttime="20230329 09:55:54.260" endtime="20230329 09:55:54.280"/>
</kw>
<status status="PASS" starttime="20230329 09:55:51.233" endtime="20230329 09:55:54.281"/>
</kw>
<status status="PASS" starttime="20230329 09:55:51.233" endtime="20230329 09:55:54.281"/>
</kw>
<kw name="MY open site" library="common">
<arg>https://demoqa.com/buttons</arg>
<arg>//div[@class='main-header']</arg>
<kw name="Go To" library="SeleniumLibrary">
<arg>${url}</arg>
<doc>Navigates the current browser window to the provided ``url``.</doc>
<msg timestamp="20230329 09:55:54.281" level="INFO">Opening url 'https://demoqa.com/buttons'</msg>
<status status="PASS" starttime="20230329 09:55:54.281" endtime="20230329 09:55:55.044"/>
</kw>
<kw name="Wait Until Page Contains Element" library="SeleniumLibrary">
<arg>${waitfor}</arg>
<doc>Waits until the element ``locator`` appears on the current page.</doc>
<status status="PASS" starttime="20230329 09:55:55.044" endtime="20230329 09:55:55.131"/>
</kw>
<status status="PASS" starttime="20230329 09:55:54.281" endtime="20230329 09:55:55.131"/>
</kw>
<kw name="UI double click element" library="interactions">
<arg>//button[@id='doubleClickBtn']</arg>
<kw name="Wait Until Element Is Visible" library="SeleniumLibrary">
<arg>${locator}</arg>
<doc>Waits until the element ``locator`` is visible.</doc>
<status status="PASS" starttime="20230329 09:55:55.133" endtime="20230329 09:55:55.202"/>
</kw>
<kw name="Wait Until Element Is Enabled" library="SeleniumLibrary">
<arg>${locator}</arg>
<doc>Waits until the element ``locator`` is enabled.</doc>
<status status="PASS" starttime="20230329 09:55:55.202" endtime="20230329 09:55:55.330"/>
</kw>
<kw name="Double Click Element" library="SeleniumLibrary">
<arg>${locator}</arg>
<doc>Double clicks the element identified by ``locator``.</doc>
<msg timestamp="20230329 09:55:55.332" level="INFO">Double clicking element '//button[@id='doubleClickBtn']'.</msg>
<status status="PASS" starttime="20230329 09:55:55.330" endtime="20230329 09:55:55.657"/>
</kw>
<status status="PASS" starttime="20230329 09:55:55.131" endtime="20230329 09:55:55.658"/>
</kw>
<kw name="UI page should contain" library="interactions">
<arg>You have done a double click</arg>
<kw name="Page Should Contain" library="SeleniumLibrary">
<arg>${text}</arg>
<doc>Verifies that current page contains ``text``.</doc>
<msg timestamp="20230329 09:55:55.704" level="INFO">Current page contains text 'You have done a double click'.</msg>
<status status="PASS" starttime="20230329 09:55:55.659" endtime="20230329 09:55:55.706"/>
</kw>
<status status="PASS" starttime="20230329 09:55:55.658" endtime="20230329 09:55:55.706"/>
</kw>
<kw name="UI click button" library="interactions">
<arg>//button[@id='rightClickBtn']</arg>
<kw name="Wait Until Element Is Visible" library="SeleniumLibrary">
<arg>${locator}</arg>
<doc>Waits until the element ``locator`` is visible.</doc>
<status status="PASS" starttime="20230329 09:55:55.708" endtime="20230329 09:55:55.773"/>
</kw>
<kw name="Wait Until Element Is Enabled" library="SeleniumLibrary">
<arg>${locator}</arg>
<doc>Waits until the element ``locator`` is enabled.</doc>
<status status="PASS" starttime="20230329 09:55:55.773" endtime="20230329 09:55:55.847"/>
</kw>
<kw name="Click Button" library="SeleniumLibrary">
<arg>${locator}</arg>
<doc>Clicks the button identified by ``locator``.</doc>
<msg timestamp="20230329 09:55:55.849" level="INFO">Clicking button '//button[@id='rightClickBtn']'.</msg>
<status status="PASS" starttime="20230329 09:55:55.847" endtime="20230329 09:55:56.051"/>
</kw>
<status status="PASS" starttime="20230329 09:55:55.708" endtime="20230329 09:55:56.051"/>
</kw>
<kw name="UI page should contain" library="interactions">
<arg>You have done a right click</arg>
<kw name="Page Should Contain" library="SeleniumLibrary">
<arg>${text}</arg>
<doc>Verifies that current page contains ``text``.</doc>
<msg timestamp="20230329 09:55:56.941" level="INFO" html="true">&lt;/td&gt;&lt;/tr&gt;&lt;tr&gt;&lt;td colspan="3"&gt;&lt;a href="selenium-screenshot-8.png"&gt;&lt;img src="selenium-screenshot-8.png" width="800px"&gt;&lt;/a&gt;</msg>
<msg timestamp="20230329 09:55:56.941" level="FAIL">Page should have contained text 'You have done a right click' but did not.</msg>
<status status="FAIL" starttime="20230329 09:55:56.051" endtime="20230329 09:55:56.946"/>
</kw>
<status status="FAIL" starttime="20230329 09:55:56.051" endtime="20230329 09:55:56.946"/>
</kw>
<kw name="UI click button" library="interactions">
<arg>//button[@id='xZL4X']</arg>
<status status="NOT RUN" starttime="20230329 09:55:56.946" endtime="20230329 09:55:56.946"/>
</kw>
<kw name="UI wait until page contains" library="interactions">
<arg>You have done a dynamic click</arg>
<status status="NOT RUN" starttime="20230329 09:55:56.946" endtime="20230329 09:55:56.946"/>
</kw>
<kw name="MY teardown" library="common" type="TEARDOWN">
<kw name="Close All Browsers" library="SeleniumLibrary">
<doc>Closes all open browsers and resets the browser cache.</doc>
<status status="PASS" starttime="20230329 09:55:56.950" endtime="20230329 09:56:03.267"/>
</kw>
<status status="PASS" starttime="20230329 09:55:56.946" endtime="20230329 09:56:03.267"/>
</kw>
<status status="FAIL" starttime="20230329 09:55:51.230" endtime="20230329 09:56:03.270">Page should have contained text 'You have done a right click' but did not.</status>
</test>
<test id="s1-t2" name="Select menu" line="23">
<kw name="MY setup" library="common" type="SETUP">
<arg>${BROWSER}</arg>
<arg>${URL}</arg>
<arg>${WAITFOR}</arg>
<kw name="MY open browser" library="common">
<arg>${browser}</arg>
<arg>${url}</arg>
<arg>${waitfor}</arg>
<kw name="Open Browser" library="SeleniumLibrary">
<arg>${url}</arg>
<arg>${browser}</arg>
<doc>Opens a new browser instance to the optional ``url``.</doc>
<msg timestamp="20230329 09:56:03.273" level="INFO">Opening browser 'chrome' to base url 'https://demoqa.com/'.</msg>
<status status="PASS" starttime="20230329 09:56:03.273" endtime="20230329 09:56:05.705"/>
</kw>
<kw name="Maximize Browser Window" library="SeleniumLibrary">
<doc>Maximizes current browser window.</doc>
<status status="PASS" starttime="20230329 09:56:05.705" endtime="20230329 09:56:05.852"/>
</kw>
<kw name="Wait Until Page Contains Element" library="SeleniumLibrary">
<arg>${waitfor}</arg>
<doc>Waits until the element ``locator`` appears on the current page.</doc>
<status status="PASS" starttime="20230329 09:56:05.852" endtime="20230329 09:56:05.872"/>
</kw>
<status status="PASS" starttime="20230329 09:56:03.273" endtime="20230329 09:56:05.874"/>
</kw>
<status status="PASS" starttime="20230329 09:56:03.273" endtime="20230329 09:56:05.874"/>
</kw>
<kw name="MY open site" library="common">
<arg>https://demoqa.com/select-menu</arg>
<arg>//div[@class='main-header']</arg>
<kw name="Go To" library="SeleniumLibrary">
<arg>${url}</arg>
<doc>Navigates the current browser window to the provided ``url``.</doc>
<msg timestamp="20230329 09:56:05.880" level="INFO">Opening url 'https://demoqa.com/select-menu'</msg>
<status status="PASS" starttime="20230329 09:56:05.880" endtime="20230329 09:56:07.104"/>
</kw>
<kw name="Wait Until Page Contains Element" library="SeleniumLibrary">
<arg>${waitfor}</arg>
<doc>Waits until the element ``locator`` appears on the current page.</doc>
<status status="PASS" starttime="20230329 09:56:07.104" endtime="20230329 09:56:07.125"/>
</kw>
<status status="PASS" starttime="20230329 09:56:05.876" endtime="20230329 09:56:07.125"/>
</kw>
<kw name="MY teardown" library="common" type="TEARDOWN">
<kw name="Close All Browsers" library="SeleniumLibrary">
<doc>Closes all open browsers and resets the browser cache.</doc>
<status status="PASS" starttime="20230329 09:56:07.127" endtime="20230329 09:56:13.350"/>
</kw>
<status status="PASS" starttime="20230329 09:56:07.125" endtime="20230329 09:56:13.351"/>
</kw>
<status status="PASS" starttime="20230329 09:56:03.273" endtime="20230329 09:56:13.351"/>
</test>
<test id="s1-t3" name="Get data from tables" line="26">
<kw name="MY setup" library="common" type="SETUP">
<arg>${BROWSER}</arg>
<arg>${URL}</arg>
<arg>${WAITFOR}</arg>
<kw name="MY open browser" library="common">
<arg>${browser}</arg>
<arg>${url}</arg>
<arg>${waitfor}</arg>
<kw name="Open Browser" library="SeleniumLibrary">
<arg>${url}</arg>
<arg>${browser}</arg>
<doc>Opens a new browser instance to the optional ``url``.</doc>
<msg timestamp="20230329 09:56:13.360" level="INFO">Opening browser 'chrome' to base url 'https://demoqa.com/'.</msg>
<status status="PASS" starttime="20230329 09:56:13.351" endtime="20230329 09:56:18.418"/>
</kw>
<kw name="Maximize Browser Window" library="SeleniumLibrary">
<doc>Maximizes current browser window.</doc>
<status status="PASS" starttime="20230329 09:56:18.418" endtime="20230329 09:56:18.544"/>
</kw>
<kw name="Wait Until Page Contains Element" library="SeleniumLibrary">
<arg>${waitfor}</arg>
<doc>Waits until the element ``locator`` appears on the current page.</doc>
<status status="PASS" starttime="20230329 09:56:18.544" endtime="20230329 09:56:18.580"/>
</kw>
<status status="PASS" starttime="20230329 09:56:13.351" endtime="20230329 09:56:18.581"/>
</kw>
<status status="PASS" starttime="20230329 09:56:13.351" endtime="20230329 09:56:18.581"/>
</kw>
<kw name="MY open site" library="common">
<arg>https://demoqa.com/webtables</arg>
<arg>//div[@class='main-header']</arg>
<kw name="Go To" library="SeleniumLibrary">
<arg>${url}</arg>
<doc>Navigates the current browser window to the provided ``url``.</doc>
<msg timestamp="20230329 09:56:18.583" level="INFO">Opening url 'https://demoqa.com/webtables'</msg>
<status status="PASS" starttime="20230329 09:56:18.582" endtime="20230329 09:56:20.136"/>
</kw>
<kw name="Wait Until Page Contains Element" library="SeleniumLibrary">
<arg>${waitfor}</arg>
<doc>Waits until the element ``locator`` appears on the current page.</doc>
<status status="PASS" starttime="20230329 09:56:20.137" endtime="20230329 09:56:20.162"/>
</kw>
<status status="PASS" starttime="20230329 09:56:18.581" endtime="20230329 09:56:20.162"/>
</kw>
<kw name="Get Element Count" library="SeleniumLibrary">
<var>${row_count}</var>
<arg>//div[@class='rt-tr-group']</arg>
<doc>Returns the number of elements matching ``locator``.</doc>
<msg timestamp="20230329 09:56:20.187" level="INFO">${row_count} = 10</msg>
<status status="PASS" starttime="20230329 09:56:20.162" endtime="20230329 09:56:20.187"/>
</kw>
<for flavor="IN RANGE">
<var>${index}</var>
<value>1</value>
<value>11</value>
<iter>
<var name="${index}">1</var>
<kw name="Set Variable" library="BuiltIn">
<var>${row}</var>
<arg>//div[@class='rt-tbody']/div[@class='rt-tr-group'][${index}]</arg>
<doc>Returns the given values which can then be assigned to a variables.</doc>
<msg timestamp="20230329 09:56:20.191" level="INFO">${row} = //div[@class='rt-tbody']/div[@class='rt-tr-group'][1]</msg>
<status status="PASS" starttime="20230329 09:56:20.191" endtime="20230329 09:56:20.191"/>
</kw>
<kw name="Get Text" library="SeleniumLibrary">
<var>${row_text}</var>
<arg>${row}</arg>
<doc>Returns the text value of the element identified by ``locator``.</doc>
<msg timestamp="20230329 09:56:20.296" level="INFO">${row_text} = Cierra
Vega
39
cierra@example.com
10000
Insurance</msg>
<status status="PASS" starttime="20230329 09:56:20.191" endtime="20230329 09:56:20.296"/>
</kw>
<kw name="Log" library="BuiltIn">
<arg>${row_text}</arg>
<doc>Logs the given message with the given level.</doc>
<msg timestamp="20230329 09:56:20.296" level="INFO">Cierra
Vega
39
cierra@example.com
10000
Insurance</msg>
<status status="PASS" starttime="20230329 09:56:20.296" endtime="20230329 09:56:20.296"/>
</kw>
<status status="PASS" starttime="20230329 09:56:20.190" endtime="20230329 09:56:20.296"/>
</iter>
<iter>
<var name="${index}">2</var>
<kw name="Set Variable" library="BuiltIn">
<var>${row}</var>
<arg>//div[@class='rt-tbody']/div[@class='rt-tr-group'][${index}]</arg>
<doc>Returns the given values which can then be assigned to a variables.</doc>
<msg timestamp="20230329 09:56:20.296" level="INFO">${row} = //div[@class='rt-tbody']/div[@class='rt-tr-group'][2]</msg>
<status status="PASS" starttime="20230329 09:56:20.296" endtime="20230329 09:56:20.296"/>
</kw>
<kw name="Get Text" library="SeleniumLibrary">
<var>${row_text}</var>
<arg>${row}</arg>
<doc>Returns the text value of the element identified by ``locator``.</doc>
<msg timestamp="20230329 09:56:20.366" level="INFO">${row_text} = Alden
Cantrell
45
alden@example.com
12000
Compliance</msg>
<status status="PASS" starttime="20230329 09:56:20.296" endtime="20230329 09:56:20.366"/>
</kw>
<kw name="Log" library="BuiltIn">
<arg>${row_text}</arg>
<doc>Logs the given message with the given level.</doc>
<msg timestamp="20230329 09:56:20.366" level="INFO">Alden
Cantrell
45
alden@example.com
12000
Compliance</msg>
<status status="PASS" starttime="20230329 09:56:20.366" endtime="20230329 09:56:20.366"/>
</kw>
<status status="PASS" starttime="20230329 09:56:20.296" endtime="20230329 09:56:20.366"/>
</iter>
<iter>
<var name="${index}">3</var>
<kw name="Set Variable" library="BuiltIn">
<var>${row}</var>
<arg>//div[@class='rt-tbody']/div[@class='rt-tr-group'][${index}]</arg>
<doc>Returns the given values which can then be assigned to a variables.</doc>
<msg timestamp="20230329 09:56:20.366" level="INFO">${row} = //div[@class='rt-tbody']/div[@class='rt-tr-group'][3]</msg>
<status status="PASS" starttime="20230329 09:56:20.366" endtime="20230329 09:56:20.366"/>
</kw>
<kw name="Get Text" library="SeleniumLibrary">
<var>${row_text}</var>
<arg>${row}</arg>
<doc>Returns the text value of the element identified by ``locator``.</doc>
<msg timestamp="20230329 09:56:20.401" level="INFO">${row_text} = Kierra
Gentry
29
kierra@example.com
2000
Legal</msg>
<status status="PASS" starttime="20230329 09:56:20.366" endtime="20230329 09:56:20.401"/>
</kw>
<kw name="Log" library="BuiltIn">
<arg>${row_text}</arg>
<doc>Logs the given message with the given level.</doc>
<msg timestamp="20230329 09:56:20.401" level="INFO">Kierra
Gentry
29
kierra@example.com
2000
Legal</msg>
<status status="PASS" starttime="20230329 09:56:20.401" endtime="20230329 09:56:20.401"/>
</kw>
<status status="PASS" starttime="20230329 09:56:20.366" endtime="20230329 09:56:20.401"/>
</iter>
<iter>
<var name="${index}">4</var>
<kw name="Set Variable" library="BuiltIn">
<var>${row}</var>
<arg>//div[@class='rt-tbody']/div[@class='rt-tr-group'][${index}]</arg>
<doc>Returns the given values which can then be assigned to a variables.</doc>
<msg timestamp="20230329 09:56:20.401" level="INFO">${row} = //div[@class='rt-tbody']/div[@class='rt-tr-group'][4]</msg>
<status status="PASS" starttime="20230329 09:56:20.401" endtime="20230329 09:56:20.401"/>
</kw>
<kw name="Get Text" library="SeleniumLibrary">
<var>${row_text}</var>
<arg>${row}</arg>
<doc>Returns the text value of the element identified by ``locator``.</doc>
<msg timestamp="20230329 09:56:20.472" level="INFO">${row_text} =        </msg>
<status status="PASS" starttime="20230329 09:56:20.401" endtime="20230329 09:56:20.472"/>
</kw>
<kw name="Log" library="BuiltIn">
<arg>${row_text}</arg>
<doc>Logs the given message with the given level.</doc>
<msg timestamp="20230329 09:56:20.472" level="INFO">       </msg>
<status status="PASS" starttime="20230329 09:56:20.472" endtime="20230329 09:56:20.472"/>
</kw>
<status status="PASS" starttime="20230329 09:56:20.401" endtime="20230329 09:56:20.472"/>
</iter>
<iter>
<var name="${index}">5</var>
<kw name="Set Variable" library="BuiltIn">
<var>${row}</var>
<arg>//div[@class='rt-tbody']/div[@class='rt-tr-group'][${index}]</arg>
<doc>Returns the given values which can then be assigned to a variables.</doc>
<msg timestamp="20230329 09:56:20.472" level="INFO">${row} = //div[@class='rt-tbody']/div[@class='rt-tr-group'][5]</msg>
<status status="PASS" starttime="20230329 09:56:20.472" endtime="20230329 09:56:20.472"/>
</kw>
<kw name="Get Text" library="SeleniumLibrary">
<var>${row_text}</var>
<arg>${row}</arg>
<doc>Returns the text value of the element identified by ``locator``.</doc>
<msg timestamp="20230329 09:56:20.586" level="INFO">${row_text} =        </msg>
<status status="PASS" starttime="20230329 09:56:20.472" endtime="20230329 09:56:20.586"/>
</kw>
<kw name="Log" library="BuiltIn">
<arg>${row_text}</arg>
<doc>Logs the given message with the given level.</doc>
<msg timestamp="20230329 09:56:20.586" level="INFO">       </msg>
<status status="PASS" starttime="20230329 09:56:20.586" endtime="20230329 09:56:20.586"/>
</kw>
<status status="PASS" starttime="20230329 09:56:20.472" endtime="20230329 09:56:20.586"/>
</iter>
<iter>
<var name="${index}">6</var>
<kw name="Set Variable" library="BuiltIn">
<var>${row}</var>
<arg>//div[@class='rt-tbody']/div[@class='rt-tr-group'][${index}]</arg>
<doc>Returns the given values which can then be assigned to a variables.</doc>
<msg timestamp="20230329 09:56:20.586" level="INFO">${row} = //div[@class='rt-tbody']/div[@class='rt-tr-group'][6]</msg>
<status status="PASS" starttime="20230329 09:56:20.586" endtime="20230329 09:56:20.586"/>
</kw>
<kw name="Get Text" library="SeleniumLibrary">
<var>${row_text}</var>
<arg>${row}</arg>
<doc>Returns the text value of the element identified by ``locator``.</doc>
<msg timestamp="20230329 09:56:20.686" level="INFO">${row_text} =        </msg>
<status status="PASS" starttime="20230329 09:56:20.586" endtime="20230329 09:56:20.686"/>
</kw>
<kw name="Log" library="BuiltIn">
<arg>${row_text}</arg>
<doc>Logs the given message with the given level.</doc>
<msg timestamp="20230329 09:56:20.688" level="INFO">       </msg>
<status status="PASS" starttime="20230329 09:56:20.688" endtime="20230329 09:56:20.688"/>
</kw>
<status status="PASS" starttime="20230329 09:56:20.586" endtime="20230329 09:56:20.688"/>
</iter>
<iter>
<var name="${index}">7</var>
<kw name="Set Variable" library="BuiltIn">
<var>${row}</var>
<arg>//div[@class='rt-tbody']/div[@class='rt-tr-group'][${index}]</arg>
<doc>Returns the given values which can then be assigned to a variables.</doc>
<msg timestamp="20230329 09:56:20.690" level="INFO">${row} = //div[@class='rt-tbody']/div[@class='rt-tr-group'][7]</msg>
<status status="PASS" starttime="20230329 09:56:20.688" endtime="20230329 09:56:20.690"/>
</kw>
<kw name="Get Text" library="SeleniumLibrary">
<var>${row_text}</var>
<arg>${row}</arg>
<doc>Returns the text value of the element identified by ``locator``.</doc>
<msg timestamp="20230329 09:56:20.750" level="INFO">${row_text} =        </msg>
<status status="PASS" starttime="20230329 09:56:20.690" endtime="20230329 09:56:20.750"/>
</kw>
<kw name="Log" library="BuiltIn">
<arg>${row_text}</arg>
<doc>Logs the given message with the given level.</doc>
<msg timestamp="20230329 09:56:20.752" level="INFO">       </msg>
<status status="PASS" starttime="20230329 09:56:20.750" endtime="20230329 09:56:20.752"/>
</kw>
<status status="PASS" starttime="20230329 09:56:20.688" endtime="20230329 09:56:20.752"/>
</iter>
<iter>
<var name="${index}">8</var>
<kw name="Set Variable" library="BuiltIn">
<var>${row}</var>
<arg>//div[@class='rt-tbody']/div[@class='rt-tr-group'][${index}]</arg>
<doc>Returns the given values which can then be assigned to a variables.</doc>
<msg timestamp="20230329 09:56:20.753" level="INFO">${row} = //div[@class='rt-tbody']/div[@class='rt-tr-group'][8]</msg>
<status status="PASS" starttime="20230329 09:56:20.753" endtime="20230329 09:56:20.753"/>
</kw>
<kw name="Get Text" library="SeleniumLibrary">
<var>${row_text}</var>
<arg>${row}</arg>
<doc>Returns the text value of the element identified by ``locator``.</doc>
<msg timestamp="20230329 09:56:20.820" level="INFO">${row_text} =        </msg>
<status status="PASS" starttime="20230329 09:56:20.753" endtime="20230329 09:56:20.820"/>
</kw>
<kw name="Log" library="BuiltIn">
<arg>${row_text}</arg>
<doc>Logs the given message with the given level.</doc>
<msg timestamp="20230329 09:56:20.820" level="INFO">       </msg>
<status status="PASS" starttime="20230329 09:56:20.820" endtime="20230329 09:56:20.820"/>
</kw>
<status status="PASS" starttime="20230329 09:56:20.753" endtime="20230329 09:56:20.820"/>
</iter>
<iter>
<var name="${index}">9</var>
<kw name="Set Variable" library="BuiltIn">
<var>${row}</var>
<arg>//div[@class='rt-tbody']/div[@class='rt-tr-group'][${index}]</arg>
<doc>Returns the given values which can then be assigned to a variables.</doc>
<msg timestamp="20230329 09:56:20.822" level="INFO">${row} = //div[@class='rt-tbody']/div[@class='rt-tr-group'][9]</msg>
<status status="PASS" starttime="20230329 09:56:20.820" endtime="20230329 09:56:20.822"/>
</kw>
<kw name="Get Text" library="SeleniumLibrary">
<var>${row_text}</var>
<arg>${row}</arg>
<doc>Returns the text value of the element identified by ``locator``.</doc>
<msg timestamp="20230329 09:56:20.887" level="INFO">${row_text} =        </msg>
<status status="PASS" starttime="20230329 09:56:20.822" endtime="20230329 09:56:20.887"/>
</kw>
<kw name="Log" library="BuiltIn">
<arg>${row_text}</arg>
<doc>Logs the given message with the given level.</doc>
<msg timestamp="20230329 09:56:20.887" level="INFO">       </msg>
<status status="PASS" starttime="20230329 09:56:20.887" endtime="20230329 09:56:20.887"/>
</kw>
<status status="PASS" starttime="20230329 09:56:20.820" endtime="20230329 09:56:20.890"/>
</iter>
<iter>
<var name="${index}">10</var>
<kw name="Set Variable" library="BuiltIn">
<var>${row}</var>
<arg>//div[@class='rt-tbody']/div[@class='rt-tr-group'][${index}]</arg>
<doc>Returns the given values which can then be assigned to a variables.</doc>
<msg timestamp="20230329 09:56:20.890" level="INFO">${row} = //div[@class='rt-tbody']/div[@class='rt-tr-group'][10]</msg>
<status status="PASS" starttime="20230329 09:56:20.890" endtime="20230329 09:56:20.890"/>
</kw>
<kw name="Get Text" library="SeleniumLibrary">
<var>${row_text}</var>
<arg>${row}</arg>
<doc>Returns the text value of the element identified by ``locator``.</doc>
<msg timestamp="20230329 09:56:20.956" level="INFO">${row_text} =        </msg>
<status status="PASS" starttime="20230329 09:56:20.891" endtime="20230329 09:56:20.956"/>
</kw>
<kw name="Log" library="BuiltIn">
<arg>${row_text}</arg>
<doc>Logs the given message with the given level.</doc>
<msg timestamp="20230329 09:56:20.956" level="INFO">       </msg>
<status status="PASS" starttime="20230329 09:56:20.956" endtime="20230329 09:56:20.956"/>
</kw>
<status status="PASS" starttime="20230329 09:56:20.890" endtime="20230329 09:56:20.956"/>
</iter>
<status status="PASS" starttime="20230329 09:56:20.189" endtime="20230329 09:56:20.956"/>
</for>
<kw name="MY teardown" library="common" type="TEARDOWN">
<kw name="Close All Browsers" library="SeleniumLibrary">
<doc>Closes all open browsers and resets the browser cache.</doc>
<status status="PASS" starttime="20230329 09:56:20.956" endtime="20230329 09:56:27.242"/>
</kw>
<status status="PASS" starttime="20230329 09:56:20.956" endtime="20230329 09:56:27.244"/>
</kw>
<status status="PASS" starttime="20230329 09:56:13.351" endtime="20230329 09:56:27.244"/>
</test>
<test id="s1-t4" name="Create data in table" line="36">
<kw name="MY setup" library="common" type="SETUP">
<arg>${BROWSER}</arg>
<arg>${URL}</arg>
<arg>${WAITFOR}</arg>
<kw name="MY open browser" library="common">
<arg>${browser}</arg>
<arg>${url}</arg>
<arg>${waitfor}</arg>
<kw name="Open Browser" library="SeleniumLibrary">
<arg>${url}</arg>
<arg>${browser}</arg>
<doc>Opens a new browser instance to the optional ``url``.</doc>
<msg timestamp="20230329 09:56:27.252" level="INFO">Opening browser 'chrome' to base url 'https://demoqa.com/'.</msg>
<status status="PASS" starttime="20230329 09:56:27.250" endtime="20230329 09:56:30.422"/>
</kw>
<kw name="Maximize Browser Window" library="SeleniumLibrary">
<doc>Maximizes current browser window.</doc>
<status status="PASS" starttime="20230329 09:56:30.422" endtime="20230329 09:56:30.557"/>
</kw>
<kw name="Wait Until Page Contains Element" library="SeleniumLibrary">
<arg>${waitfor}</arg>
<doc>Waits until the element ``locator`` appears on the current page.</doc>
<status status="PASS" starttime="20230329 09:56:30.557" endtime="20230329 09:56:30.575"/>
</kw>
<status status="PASS" starttime="20230329 09:56:27.250" endtime="20230329 09:56:30.575"/>
</kw>
<status status="PASS" starttime="20230329 09:56:27.244" endtime="20230329 09:56:30.575"/>
</kw>
<kw name="MY open site" library="common">
<arg>https://demoqa.com/webtables</arg>
<arg>//div[@class='main-header']</arg>
<kw name="Go To" library="SeleniumLibrary">
<arg>${url}</arg>
<doc>Navigates the current browser window to the provided ``url``.</doc>
<msg timestamp="20230329 09:56:30.575" level="INFO">Opening url 'https://demoqa.com/webtables'</msg>
<status status="PASS" starttime="20230329 09:56:30.575" endtime="20230329 09:56:32.015"/>
</kw>
<kw name="Wait Until Page Contains Element" library="SeleniumLibrary">
<arg>${waitfor}</arg>
<doc>Waits until the element ``locator`` appears on the current page.</doc>
<status status="PASS" starttime="20230329 09:56:32.017" endtime="20230329 09:56:32.049"/>
</kw>
<status status="PASS" starttime="20230329 09:56:30.575" endtime="20230329 09:56:32.050"/>
</kw>
<kw name="Set Variable" library="BuiltIn">
<var>${first_name}</var>
<arg>firstname</arg>
<doc>Returns the given values which can then be assigned to a variables.</doc>
<msg timestamp="20230329 09:56:32.052" level="INFO">${first_name} = firstname</msg>
<status status="PASS" starttime="20230329 09:56:32.050" endtime="20230329 09:56:32.052"/>
</kw>
<kw name="Set Variable" library="BuiltIn">
<var>${last_name}</var>
<arg>lastname</arg>
<doc>Returns the given values which can then be assigned to a variables.</doc>
<msg timestamp="20230329 09:56:32.053" level="INFO">${last_name} = lastname</msg>
<status status="PASS" starttime="20230329 09:56:32.053" endtime="20230329 09:56:32.053"/>
</kw>
<kw name="Set Variable" library="BuiltIn">
<var>${email}</var>
<arg>email@email.com</arg>
<doc>Returns the given values which can then be assigned to a variables.</doc>
<msg timestamp="20230329 09:56:32.053" level="INFO">${email} = email@email.com</msg>
<status status="PASS" starttime="20230329 09:56:32.053" endtime="20230329 09:56:32.053"/>
</kw>
<kw name="Set Variable" library="BuiltIn">
<var>${age}</var>
<arg>18</arg>
<doc>Returns the given values which can then be assigned to a variables.</doc>
<msg timestamp="20230329 09:56:32.053" level="INFO">${age} = 18</msg>
<status status="PASS" starttime="20230329 09:56:32.053" endtime="20230329 09:56:32.053"/>
</kw>
<kw name="Set Variable" library="BuiltIn">
<var>${salary}</var>
<arg>180000</arg>
<doc>Returns the given values which can then be assigned to a variables.</doc>
<msg timestamp="20230329 09:56:32.053" level="INFO">${salary} = 180000</msg>
<status status="PASS" starttime="20230329 09:56:32.053" endtime="20230329 09:56:32.053"/>
</kw>
<kw name="Set Variable" library="BuiltIn">
<var>${department}</var>
<arg>QA</arg>
<doc>Returns the given values which can then be assigned to a variables.</doc>
<msg timestamp="20230329 09:56:32.060" level="INFO">${department} = QA</msg>
<status status="PASS" starttime="20230329 09:56:32.053" endtime="20230329 09:56:32.060"/>
</kw>
<kw name="UI click button" library="interactions">
<arg>//button[@id='addNewRecordButton']</arg>
<kw name="Wait Until Element Is Visible" library="SeleniumLibrary">
<arg>${locator}</arg>
<doc>Waits until the element ``locator`` is visible.</doc>
<status status="PASS" starttime="20230329 09:56:32.061" endtime="20230329 09:56:32.184"/>
</kw>
<kw name="Wait Until Element Is Enabled" library="SeleniumLibrary">
<arg>${locator}</arg>
<doc>Waits until the element ``locator`` is enabled.</doc>
<status status="PASS" starttime="20230329 09:56:32.184" endtime="20230329 09:56:32.225"/>
</kw>
<kw name="Click Button" library="SeleniumLibrary">
<arg>${locator}</arg>
<doc>Clicks the button identified by ``locator``.</doc>
<msg timestamp="20230329 09:56:32.225" level="INFO">Clicking button '//button[@id='addNewRecordButton']'.</msg>
<status status="PASS" starttime="20230329 09:56:32.225" endtime="20230329 09:56:32.348"/>
</kw>
<status status="PASS" starttime="20230329 09:56:32.060" endtime="20230329 09:56:32.348"/>
</kw>
<kw name="UI type text" library="interactions">
<arg>//input[@id='firstName']</arg>
<arg>${first_name}</arg>
<kw name="Wait Until Element Is Visible" library="SeleniumLibrary">
<arg>${locator}</arg>
<doc>Waits until the element ``locator`` is visible.</doc>
<status status="PASS" starttime="20230329 09:56:32.350" endtime="20230329 09:56:32.425"/>
</kw>
<kw name="Wait Until Element Is Enabled" library="SeleniumLibrary">
<arg>${locator}</arg>
<doc>Waits until the element ``locator`` is enabled.</doc>
<status status="PASS" starttime="20230329 09:56:32.427" endtime="20230329 09:56:32.544"/>
</kw>
<kw name="Clear Element Text" library="SeleniumLibrary">
<arg>${locator}</arg>
<doc>Clears the value of the text-input-element identified by ``locator``.</doc>
<status status="PASS" starttime="20230329 09:56:32.544" endtime="20230329 09:56:32.635"/>
</kw>
<kw name="Input Text" library="SeleniumLibrary">
<arg>${locator}</arg>
<arg>${text}</arg>
<doc>Types the given ``text`` into the text field identified by ``locator``.</doc>
<msg timestamp="20230329 09:56:32.638" level="INFO">Typing text 'firstname' into text field '//input[@id='firstName']'.</msg>
<status status="PASS" starttime="20230329 09:56:32.635" endtime="20230329 09:56:32.820"/>
</kw>
<status status="PASS" starttime="20230329 09:56:32.348" endtime="20230329 09:56:32.820"/>
</kw>
<kw name="UI type text" library="interactions">
<arg>//input[@id='lastName']</arg>
<arg>${last_name}</arg>
<kw name="Wait Until Element Is Visible" library="SeleniumLibrary">
<arg>${locator}</arg>
<doc>Waits until the element ``locator`` is visible.</doc>
<status status="PASS" starttime="20230329 09:56:32.823" endtime="20230329 09:56:32.870"/>
</kw>
<kw name="Wait Until Element Is Enabled" library="SeleniumLibrary">
<arg>${locator}</arg>
<doc>Waits until the element ``locator`` is enabled.</doc>
<status status="PASS" starttime="20230329 09:56:32.870" endtime="20230329 09:56:32.942"/>
</kw>
<kw name="Clear Element Text" library="SeleniumLibrary">
<arg>${locator}</arg>
<doc>Clears the value of the text-input-element identified by ``locator``.</doc>
<status status="PASS" starttime="20230329 09:56:32.943" endtime="20230329 09:56:33.041"/>
</kw>
<kw name="Input Text" library="SeleniumLibrary">
<arg>${locator}</arg>
<arg>${text}</arg>
<doc>Types the given ``text`` into the text field identified by ``locator``.</doc>
<msg timestamp="20230329 09:56:33.043" level="INFO">Typing text 'lastname' into text field '//input[@id='lastName']'.</msg>
<status status="PASS" starttime="20230329 09:56:33.041" endtime="20230329 09:56:33.201"/>
</kw>
<status status="PASS" starttime="20230329 09:56:32.821" endtime="20230329 09:56:33.201"/>
</kw>
<kw name="UI type text" library="interactions">
<arg>//input[@id='userEmail']</arg>
<arg>${email}</arg>
<kw name="Wait Until Element Is Visible" library="SeleniumLibrary">
<arg>${locator}</arg>
<doc>Waits until the element ``locator`` is visible.</doc>
<status status="PASS" starttime="20230329 09:56:33.202" endtime="20230329 09:56:33.231"/>
</kw>
<kw name="Wait Until Element Is Enabled" library="SeleniumLibrary">
<arg>${locator}</arg>
<doc>Waits until the element ``locator`` is enabled.</doc>
<status status="PASS" starttime="20230329 09:56:33.231" endtime="20230329 09:56:33.262"/>
</kw>
<kw name="Clear Element Text" library="SeleniumLibrary">
<arg>${locator}</arg>
<doc>Clears the value of the text-input-element identified by ``locator``.</doc>
<status status="PASS" starttime="20230329 09:56:33.262" endtime="20230329 09:56:33.302"/>
</kw>
<kw name="Input Text" library="SeleniumLibrary">
<arg>${locator}</arg>
<arg>${text}</arg>
<doc>Types the given ``text`` into the text field identified by ``locator``.</doc>
<msg timestamp="20230329 09:56:33.302" level="INFO">Typing text 'email@email.com' into text field '//input[@id='userEmail']'.</msg>
<status status="PASS" starttime="20230329 09:56:33.302" endtime="20230329 09:56:33.420"/>
</kw>
<status status="PASS" starttime="20230329 09:56:33.202" endtime="20230329 09:56:33.420"/>
</kw>
<kw name="UI type text" library="interactions">
<arg>//input[@id='age']</arg>
<arg>${age}</arg>
<kw name="Wait Until Element Is Visible" library="SeleniumLibrary">
<arg>${locator}</arg>
<doc>Waits until the element ``locator`` is visible.</doc>
<status status="PASS" starttime="20230329 09:56:33.422" endtime="20230329 09:56:33.464"/>
</kw>
<kw name="Wait Until Element Is Enabled" library="SeleniumLibrary">
<arg>${locator}</arg>
<doc>Waits until the element ``locator`` is enabled.</doc>
<status status="PASS" starttime="20230329 09:56:33.464" endtime="20230329 09:56:33.526"/>
</kw>
<kw name="Clear Element Text" library="SeleniumLibrary">
<arg>${locator}</arg>
<doc>Clears the value of the text-input-element identified by ``locator``.</doc>
<status status="PASS" starttime="20230329 09:56:33.526" endtime="20230329 09:56:33.614"/>
</kw>
<kw name="Input Text" library="SeleniumLibrary">
<arg>${locator}</arg>
<arg>${text}</arg>
<doc>Types the given ``text`` into the text field identified by ``locator``.</doc>
<msg timestamp="20230329 09:56:33.614" level="INFO">Typing text '18' into text field '//input[@id='age']'.</msg>
<status status="PASS" starttime="20230329 09:56:33.614" endtime="20230329 09:56:33.732"/>
</kw>
<status status="PASS" starttime="20230329 09:56:33.422" endtime="20230329 09:56:33.732"/>
</kw>
<kw name="UI type text" library="interactions">
<arg>//input[@id='salary']</arg>
<arg>${salary}</arg>
<kw name="Wait Until Element Is Visible" library="SeleniumLibrary">
<arg>${locator}</arg>
<doc>Waits until the element ``locator`` is visible.</doc>
<status status="PASS" starttime="20230329 09:56:33.732" endtime="20230329 09:56:33.780"/>
</kw>
<kw name="Wait Until Element Is Enabled" library="SeleniumLibrary">
<arg>${locator}</arg>
<doc>Waits until the element ``locator`` is enabled.</doc>
<status status="PASS" starttime="20230329 09:56:33.780" endtime="20230329 09:56:33.842"/>
</kw>
<kw name="Clear Element Text" library="SeleniumLibrary">
<arg>${locator}</arg>
<doc>Clears the value of the text-input-element identified by ``locator``.</doc>
<status status="PASS" starttime="20230329 09:56:33.842" endtime="20230329 09:56:33.919"/>
</kw>
<kw name="Input Text" library="SeleniumLibrary">
<arg>${locator}</arg>
<arg>${text}</arg>
<doc>Types the given ``text`` into the text field identified by ``locator``.</doc>
<msg timestamp="20230329 09:56:33.920" level="INFO">Typing text '180000' into text field '//input[@id='salary']'.</msg>
<status status="PASS" starttime="20230329 09:56:33.919" endtime="20230329 09:56:34.076"/>
</kw>
<status status="PASS" starttime="20230329 09:56:33.732" endtime="20230329 09:56:34.076"/>
</kw>
<kw name="UI type text" library="interactions">
<arg>//input[@id='department']</arg>
<arg>${department}</arg>
<kw name="Wait Until Element Is Visible" library="SeleniumLibrary">
<arg>${locator}</arg>
<doc>Waits until the element ``locator`` is visible.</doc>
<status status="PASS" starttime="20230329 09:56:34.079" endtime="20230329 09:56:34.110"/>
</kw>
<kw name="Wait Until Element Is Enabled" library="SeleniumLibrary">
<arg>${locator}</arg>
<doc>Waits until the element ``locator`` is enabled.</doc>
<status status="PASS" starttime="20230329 09:56:34.112" endtime="20230329 09:56:34.148"/>
</kw>
<kw name="Clear Element Text" library="SeleniumLibrary">
<arg>${locator}</arg>
<doc>Clears the value of the text-input-element identified by ``locator``.</doc>
<status status="PASS" starttime="20230329 09:56:34.148" endtime="20230329 09:56:34.230"/>
</kw>
<kw name="Input Text" library="SeleniumLibrary">
<arg>${locator}</arg>
<arg>${text}</arg>
<doc>Types the given ``text`` into the text field identified by ``locator``.</doc>
<msg timestamp="20230329 09:56:34.230" level="INFO">Typing text 'QA' into text field '//input[@id='department']'.</msg>
<status status="PASS" starttime="20230329 09:56:34.230" endtime="20230329 09:56:34.361"/>
</kw>
<status status="PASS" starttime="20230329 09:56:34.076" endtime="20230329 09:56:34.361"/>
</kw>
<kw name="UI click button" library="interactions">
<arg>//button[@id='submit']</arg>
<kw name="Wait Until Element Is Visible" library="SeleniumLibrary">
<arg>${locator}</arg>
<doc>Waits until the element ``locator`` is visible.</doc>
<status status="PASS" starttime="20230329 09:56:34.361" endtime="20230329 09:56:34.407"/>
</kw>
<kw name="Wait Until Element Is Enabled" library="SeleniumLibrary">
<arg>${locator}</arg>
<doc>Waits until the element ``locator`` is enabled.</doc>
<status status="PASS" starttime="20230329 09:56:34.407" endtime="20230329 09:56:34.480"/>
</kw>
<kw name="Click Button" library="SeleniumLibrary">
<arg>${locator}</arg>
<doc>Clicks the button identified by ``locator``.</doc>
<msg timestamp="20230329 09:56:34.483" level="INFO">Clicking button '//button[@id='submit']'.</msg>
<status status="PASS" starttime="20230329 09:56:34.480" endtime="20230329 09:56:34.645"/>
</kw>
<status status="PASS" starttime="20230329 09:56:34.361" endtime="20230329 09:56:34.645"/>
</kw>
<kw name="UI page should contain" library="interactions">
<arg>${first_name}</arg>
<kw name="Page Should Contain" library="SeleniumLibrary">
<arg>${text}</arg>
<doc>Verifies that current page contains ``text``.</doc>
<msg timestamp="20230329 09:56:34.698" level="INFO">Current page contains text 'firstname'.</msg>
<status status="PASS" starttime="20230329 09:56:34.646" endtime="20230329 09:56:34.698"/>
</kw>
<status status="PASS" starttime="20230329 09:56:34.645" endtime="20230329 09:56:34.699"/>
</kw>
<for flavor="IN RANGE">
<var>${index}</var>
<value>1</value>
<value>11</value>
<iter>
<var name="${index}">1</var>
<kw name="Set Variable" library="BuiltIn">
<var>${first_cell}</var>
<arg>//div[@class='rt-tr-group'][${index}]/div/div[@class='rt-td'][1]</arg>
<doc>Returns the given values which can then be assigned to a variables.</doc>
<msg timestamp="20230329 09:56:34.702" level="INFO">${first_cell} = //div[@class='rt-tr-group'][1]/div/div[@class='rt-td'][1]</msg>
<status status="PASS" starttime="20230329 09:56:34.701" endtime="20230329 09:56:34.702"/>
</kw>
<kw name="Get Text" library="SeleniumLibrary">
<var>${first_cell_text}</var>
<arg>${first_cell}</arg>
<doc>Returns the text value of the element identified by ``locator``.</doc>
<msg timestamp="20230329 09:56:34.804" level="INFO">${first_cell_text} = Cierra</msg>
<status status="PASS" starttime="20230329 09:56:34.703" endtime="20230329 09:56:34.804"/>
</kw>
<if>
<branch type="IF" condition="'${first_cell_text}' == '${first_name}'">
<kw name="Set Variable" library="BuiltIn">
<var>${row_id}</var>
<arg>${index}</arg>
<doc>Returns the given values which can then be assigned to a variables.</doc>
<status status="NOT RUN" starttime="20230329 09:56:34.804" endtime="20230329 09:56:34.804"/>
</kw>
<kw name="Log To Console" library="BuiltIn">
<arg>${index}</arg>
<doc>Logs the given message to the console.</doc>
<status status="NOT RUN" starttime="20230329 09:56:34.804" endtime="20230329 09:56:34.804"/>
</kw>
<status status="NOT RUN" starttime="20230329 09:56:34.804" endtime="20230329 09:56:34.804"/>
</branch>
<status status="PASS" starttime="20230329 09:56:34.804" endtime="20230329 09:56:34.804"/>
</if>
<status status="PASS" starttime="20230329 09:56:34.701" endtime="20230329 09:56:34.804"/>
</iter>
<iter>
<var name="${index}">2</var>
<kw name="Set Variable" library="BuiltIn">
<var>${first_cell}</var>
<arg>//div[@class='rt-tr-group'][${index}]/div/div[@class='rt-td'][1]</arg>
<doc>Returns the given values which can then be assigned to a variables.</doc>
<msg timestamp="20230329 09:56:34.804" level="INFO">${first_cell} = //div[@class='rt-tr-group'][2]/div/div[@class='rt-td'][1]</msg>
<status status="PASS" starttime="20230329 09:56:34.804" endtime="20230329 09:56:34.810"/>
</kw>
<kw name="Get Text" library="SeleniumLibrary">
<var>${first_cell_text}</var>
<arg>${first_cell}</arg>
<doc>Returns the text value of the element identified by ``locator``.</doc>
<msg timestamp="20230329 09:56:34.899" level="INFO">${first_cell_text} = Alden</msg>
<status status="PASS" starttime="20230329 09:56:34.811" endtime="20230329 09:56:34.899"/>
</kw>
<if>
<branch type="IF" condition="'${first_cell_text}' == '${first_name}'">
<kw name="Set Variable" library="BuiltIn">
<var>${row_id}</var>
<arg>${index}</arg>
<doc>Returns the given values which can then be assigned to a variables.</doc>
<status status="NOT RUN" starttime="20230329 09:56:34.900" endtime="20230329 09:56:34.900"/>
</kw>
<kw name="Log To Console" library="BuiltIn">
<arg>${index}</arg>
<doc>Logs the given message to the console.</doc>
<status status="NOT RUN" starttime="20230329 09:56:34.900" endtime="20230329 09:56:34.900"/>
</kw>
<status status="NOT RUN" starttime="20230329 09:56:34.899" endtime="20230329 09:56:34.900"/>
</branch>
<status status="PASS" starttime="20230329 09:56:34.899" endtime="20230329 09:56:34.900"/>
</if>
<status status="PASS" starttime="20230329 09:56:34.804" endtime="20230329 09:56:34.900"/>
</iter>
<iter>
<var name="${index}">3</var>
<kw name="Set Variable" library="BuiltIn">
<var>${first_cell}</var>
<arg>//div[@class='rt-tr-group'][${index}]/div/div[@class='rt-td'][1]</arg>
<doc>Returns the given values which can then be assigned to a variables.</doc>
<msg timestamp="20230329 09:56:34.900" level="INFO">${first_cell} = //div[@class='rt-tr-group'][3]/div/div[@class='rt-td'][1]</msg>
<status status="PASS" starttime="20230329 09:56:34.900" endtime="20230329 09:56:34.900"/>
</kw>
<kw name="Get Text" library="SeleniumLibrary">
<var>${first_cell_text}</var>
<arg>${first_cell}</arg>
<doc>Returns the text value of the element identified by ``locator``.</doc>
<msg timestamp="20230329 09:56:34.928" level="INFO">${first_cell_text} = Kierra</msg>
<status status="PASS" starttime="20230329 09:56:34.900" endtime="20230329 09:56:34.928"/>
</kw>
<if>
<branch type="IF" condition="'${first_cell_text}' == '${first_name}'">
<kw name="Set Variable" library="BuiltIn">
<var>${row_id}</var>
<arg>${index}</arg>
<doc>Returns the given values which can then be assigned to a variables.</doc>
<status status="NOT RUN" starttime="20230329 09:56:34.930" endtime="20230329 09:56:34.930"/>
</kw>
<kw name="Log To Console" library="BuiltIn">
<arg>${index}</arg>
<doc>Logs the given message to the console.</doc>
<status status="NOT RUN" starttime="20230329 09:56:34.930" endtime="20230329 09:56:34.930"/>
</kw>
<status status="NOT RUN" starttime="20230329 09:56:34.928" endtime="20230329 09:56:34.930"/>
</branch>
<status status="PASS" starttime="20230329 09:56:34.928" endtime="20230329 09:56:34.930"/>
</if>
<status status="PASS" starttime="20230329 09:56:34.900" endtime="20230329 09:56:34.930"/>
</iter>
<iter>
<var name="${index}">4</var>
<kw name="Set Variable" library="BuiltIn">
<var>${first_cell}</var>
<arg>//div[@class='rt-tr-group'][${index}]/div/div[@class='rt-td'][1]</arg>
<doc>Returns the given values which can then be assigned to a variables.</doc>
<msg timestamp="20230329 09:56:34.930" level="INFO">${first_cell} = //div[@class='rt-tr-group'][4]/div/div[@class='rt-td'][1]</msg>
<status status="PASS" starttime="20230329 09:56:34.930" endtime="20230329 09:56:34.930"/>
</kw>
<kw name="Get Text" library="SeleniumLibrary">
<var>${first_cell_text}</var>
<arg>${first_cell}</arg>
<doc>Returns the text value of the element identified by ``locator``.</doc>
<msg timestamp="20230329 09:56:34.973" level="INFO">${first_cell_text} = firstname</msg>
<status status="PASS" starttime="20230329 09:56:34.931" endtime="20230329 09:56:34.973"/>
</kw>
<if>
<branch type="IF" condition="'${first_cell_text}' == '${first_name}'">
<kw name="Set Variable" library="BuiltIn">
<var>${row_id}</var>
<arg>${index}</arg>
<doc>Returns the given values which can then be assigned to a variables.</doc>
<msg timestamp="20230329 09:56:34.974" level="INFO">${row_id} = 4</msg>
<status status="PASS" starttime="20230329 09:56:34.974" endtime="20230329 09:56:34.975"/>
</kw>
<kw name="Log To Console" library="BuiltIn">
<arg>${index}</arg>
<doc>Logs the given message to the console.</doc>
<status status="PASS" starttime="20230329 09:56:34.975" endtime="20230329 09:56:34.976"/>
</kw>
<status status="PASS" starttime="20230329 09:56:34.973" endtime="20230329 09:56:34.976"/>
</branch>
<status status="PASS" starttime="20230329 09:56:34.973" endtime="20230329 09:56:34.976"/>
</if>
<status status="PASS" starttime="20230329 09:56:34.930" endtime="20230329 09:56:34.976"/>
</iter>
<iter>
<var name="${index}">5</var>
<kw name="Set Variable" library="BuiltIn">
<var>${first_cell}</var>
<arg>//div[@class='rt-tr-group'][${index}]/div/div[@class='rt-td'][1]</arg>
<doc>Returns the given values which can then be assigned to a variables.</doc>
<msg timestamp="20230329 09:56:34.976" level="INFO">${first_cell} = //div[@class='rt-tr-group'][5]/div/div[@class='rt-td'][1]</msg>
<status status="PASS" starttime="20230329 09:56:34.976" endtime="20230329 09:56:34.976"/>
</kw>
<kw name="Get Text" library="SeleniumLibrary">
<var>${first_cell_text}</var>
<arg>${first_cell}</arg>
<doc>Returns the text value of the element identified by ``locator``.</doc>
<msg timestamp="20230329 09:56:35.033" level="INFO">${first_cell_text} =  </msg>
<status status="PASS" starttime="20230329 09:56:34.976" endtime="20230329 09:56:35.033"/>
</kw>
<if>
<branch type="IF" condition="'${first_cell_text}' == '${first_name}'">
<kw name="Set Variable" library="BuiltIn">
<var>${row_id}</var>
<arg>${index}</arg>
<doc>Returns the given values which can then be assigned to a variables.</doc>
<status status="NOT RUN" starttime="20230329 09:56:35.033" endtime="20230329 09:56:35.033"/>
</kw>
<kw name="Log To Console" library="BuiltIn">
<arg>${index}</arg>
<doc>Logs the given message to the console.</doc>
<status status="NOT RUN" starttime="20230329 09:56:35.033" endtime="20230329 09:56:35.033"/>
</kw>
<status status="NOT RUN" starttime="20230329 09:56:35.033" endtime="20230329 09:56:35.033"/>
</branch>
<status status="PASS" starttime="20230329 09:56:35.033" endtime="20230329 09:56:35.033"/>
</if>
<status status="PASS" starttime="20230329 09:56:34.976" endtime="20230329 09:56:35.033"/>
</iter>
<iter>
<var name="${index}">6</var>
<kw name="Set Variable" library="BuiltIn">
<var>${first_cell}</var>
<arg>//div[@class='rt-tr-group'][${index}]/div/div[@class='rt-td'][1]</arg>
<doc>Returns the given values which can then be assigned to a variables.</doc>
<msg timestamp="20230329 09:56:35.033" level="INFO">${first_cell} = //div[@class='rt-tr-group'][6]/div/div[@class='rt-td'][1]</msg>
<status status="PASS" starttime="20230329 09:56:35.033" endtime="20230329 09:56:35.033"/>
</kw>
<kw name="Get Text" library="SeleniumLibrary">
<var>${first_cell_text}</var>
<arg>${first_cell}</arg>
<doc>Returns the text value of the element identified by ``locator``.</doc>
<msg timestamp="20230329 09:56:35.091" level="INFO">${first_cell_text} =  </msg>
<status status="PASS" starttime="20230329 09:56:35.033" endtime="20230329 09:56:35.091"/>
</kw>
<if>
<branch type="IF" condition="'${first_cell_text}' == '${first_name}'">
<kw name="Set Variable" library="BuiltIn">
<var>${row_id}</var>
<arg>${index}</arg>
<doc>Returns the given values which can then be assigned to a variables.</doc>
<status status="NOT RUN" starttime="20230329 09:56:35.091" endtime="20230329 09:56:35.091"/>
</kw>
<kw name="Log To Console" library="BuiltIn">
<arg>${index}</arg>
<doc>Logs the given message to the console.</doc>
<status status="NOT RUN" starttime="20230329 09:56:35.091" endtime="20230329 09:56:35.091"/>
</kw>
<status status="NOT RUN" starttime="20230329 09:56:35.091" endtime="20230329 09:56:35.091"/>
</branch>
<status status="PASS" starttime="20230329 09:56:35.091" endtime="20230329 09:56:35.091"/>
</if>
<status status="PASS" starttime="20230329 09:56:35.033" endtime="20230329 09:56:35.091"/>
</iter>
<iter>
<var name="${index}">7</var>
<kw name="Set Variable" library="BuiltIn">
<var>${first_cell}</var>
<arg>//div[@class='rt-tr-group'][${index}]/div/div[@class='rt-td'][1]</arg>
<doc>Returns the given values which can then be assigned to a variables.</doc>
<msg timestamp="20230329 09:56:35.091" level="INFO">${first_cell} = //div[@class='rt-tr-group'][7]/div/div[@class='rt-td'][1]</msg>
<status status="PASS" starttime="20230329 09:56:35.091" endtime="20230329 09:56:35.091"/>
</kw>
<kw name="Get Text" library="SeleniumLibrary">
<var>${first_cell_text}</var>
<arg>${first_cell}</arg>
<doc>Returns the text value of the element identified by ``locator``.</doc>
<msg timestamp="20230329 09:56:35.141" level="INFO">${first_cell_text} =  </msg>
<status status="PASS" starttime="20230329 09:56:35.091" endtime="20230329 09:56:35.141"/>
</kw>
<if>
<branch type="IF" condition="'${first_cell_text}' == '${first_name}'">
<kw name="Set Variable" library="BuiltIn">
<var>${row_id}</var>
<arg>${index}</arg>
<doc>Returns the given values which can then be assigned to a variables.</doc>
<status status="NOT RUN" starttime="20230329 09:56:35.141" endtime="20230329 09:56:35.141"/>
</kw>
<kw name="Log To Console" library="BuiltIn">
<arg>${index}</arg>
<doc>Logs the given message to the console.</doc>
<status status="NOT RUN" starttime="20230329 09:56:35.141" endtime="20230329 09:56:35.142"/>
</kw>
<status status="NOT RUN" starttime="20230329 09:56:35.141" endtime="20230329 09:56:35.142"/>
</branch>
<status status="PASS" starttime="20230329 09:56:35.141" endtime="20230329 09:56:35.142"/>
</if>
<status status="PASS" starttime="20230329 09:56:35.091" endtime="20230329 09:56:35.142"/>
</iter>
<iter>
<var name="${index}">8</var>
<kw name="Set Variable" library="BuiltIn">
<var>${first_cell}</var>
<arg>//div[@class='rt-tr-group'][${index}]/div/div[@class='rt-td'][1]</arg>
<doc>Returns the given values which can then be assigned to a variables.</doc>
<msg timestamp="20230329 09:56:35.142" level="INFO">${first_cell} = //div[@class='rt-tr-group'][8]/div/div[@class='rt-td'][1]</msg>
<status status="PASS" starttime="20230329 09:56:35.142" endtime="20230329 09:56:35.142"/>
</kw>
<kw name="Get Text" library="SeleniumLibrary">
<var>${first_cell_text}</var>
<arg>${first_cell}</arg>
<doc>Returns the text value of the element identified by ``locator``.</doc>
<msg timestamp="20230329 09:56:35.188" level="INFO">${first_cell_text} =  </msg>
<status status="PASS" starttime="20230329 09:56:35.142" endtime="20230329 09:56:35.188"/>
</kw>
<if>
<branch type="IF" condition="'${first_cell_text}' == '${first_name}'">
<kw name="Set Variable" library="BuiltIn">
<var>${row_id}</var>
<arg>${index}</arg>
<doc>Returns the given values which can then be assigned to a variables.</doc>
<status status="NOT RUN" starttime="20230329 09:56:35.188" endtime="20230329 09:56:35.188"/>
</kw>
<kw name="Log To Console" library="BuiltIn">
<arg>${index}</arg>
<doc>Logs the given message to the console.</doc>
<status status="NOT RUN" starttime="20230329 09:56:35.188" endtime="20230329 09:56:35.188"/>
</kw>
<status status="NOT RUN" starttime="20230329 09:56:35.188" endtime="20230329 09:56:35.188"/>
</branch>
<status status="PASS" starttime="20230329 09:56:35.188" endtime="20230329 09:56:35.188"/>
</if>
<status status="PASS" starttime="20230329 09:56:35.142" endtime="20230329 09:56:35.188"/>
</iter>
<iter>
<var name="${index}">9</var>
<kw name="Set Variable" library="BuiltIn">
<var>${first_cell}</var>
<arg>//div[@class='rt-tr-group'][${index}]/div/div[@class='rt-td'][1]</arg>
<doc>Returns the given values which can then be assigned to a variables.</doc>
<msg timestamp="20230329 09:56:35.189" level="INFO">${first_cell} = //div[@class='rt-tr-group'][9]/div/div[@class='rt-td'][1]</msg>
<status status="PASS" starttime="20230329 09:56:35.189" endtime="20230329 09:56:35.189"/>
</kw>
<kw name="Get Text" library="SeleniumLibrary">
<var>${first_cell_text}</var>
<arg>${first_cell}</arg>
<doc>Returns the text value of the element identified by ``locator``.</doc>
<msg timestamp="20230329 09:56:35.235" level="INFO">${first_cell_text} =  </msg>
<status status="PASS" starttime="20230329 09:56:35.189" endtime="20230329 09:56:35.235"/>
</kw>
<if>
<branch type="IF" condition="'${first_cell_text}' == '${first_name}'">
<kw name="Set Variable" library="BuiltIn">
<var>${row_id}</var>
<arg>${index}</arg>
<doc>Returns the given values which can then be assigned to a variables.</doc>
<status status="NOT RUN" starttime="20230329 09:56:35.235" endtime="20230329 09:56:35.235"/>
</kw>
<kw name="Log To Console" library="BuiltIn">
<arg>${index}</arg>
<doc>Logs the given message to the console.</doc>
<status status="NOT RUN" starttime="20230329 09:56:35.235" endtime="20230329 09:56:35.235"/>
</kw>
<status status="NOT RUN" starttime="20230329 09:56:35.235" endtime="20230329 09:56:35.235"/>
</branch>
<status status="PASS" starttime="20230329 09:56:35.235" endtime="20230329 09:56:35.235"/>
</if>
<status status="PASS" starttime="20230329 09:56:35.189" endtime="20230329 09:56:35.235"/>
</iter>
<iter>
<var name="${index}">10</var>
<kw name="Set Variable" library="BuiltIn">
<var>${first_cell}</var>
<arg>//div[@class='rt-tr-group'][${index}]/div/div[@class='rt-td'][1]</arg>
<doc>Returns the given values which can then be assigned to a variables.</doc>
<msg timestamp="20230329 09:56:35.235" level="INFO">${first_cell} = //div[@class='rt-tr-group'][10]/div/div[@class='rt-td'][1]</msg>
<status status="PASS" starttime="20230329 09:56:35.235" endtime="20230329 09:56:35.235"/>
</kw>
<kw name="Get Text" library="SeleniumLibrary">
<var>${first_cell_text}</var>
<arg>${first_cell}</arg>
<doc>Returns the text value of the element identified by ``locator``.</doc>
<msg timestamp="20230329 09:56:35.281" level="INFO">${first_cell_text} =  </msg>
<status status="PASS" starttime="20230329 09:56:35.235" endtime="20230329 09:56:35.281"/>
</kw>
<if>
<branch type="IF" condition="'${first_cell_text}' == '${first_name}'">
<kw name="Set Variable" library="BuiltIn">
<var>${row_id}</var>
<arg>${index}</arg>
<doc>Returns the given values which can then be assigned to a variables.</doc>
<status status="NOT RUN" starttime="20230329 09:56:35.281" endtime="20230329 09:56:35.281"/>
</kw>
<kw name="Log To Console" library="BuiltIn">
<arg>${index}</arg>
<doc>Logs the given message to the console.</doc>
<status status="NOT RUN" starttime="20230329 09:56:35.281" endtime="20230329 09:56:35.281"/>
</kw>
<status status="NOT RUN" starttime="20230329 09:56:35.281" endtime="20230329 09:56:35.281"/>
</branch>
<status status="PASS" starttime="20230329 09:56:35.281" endtime="20230329 09:56:35.281"/>
</if>
<status status="PASS" starttime="20230329 09:56:35.235" endtime="20230329 09:56:35.281"/>
</iter>
<status status="PASS" starttime="20230329 09:56:34.700" endtime="20230329 09:56:35.281"/>
</for>
<kw name="Pause Execution" library="Dialogs">
<arg>Enter captcha</arg>
<doc>Pauses execution until user clicks ``Ok`` button.</doc>
<status status="PASS" starttime="20230329 09:56:35.281" endtime="20230329 09:57:24.016"/>
</kw>
<kw name="Set Variable" library="BuiltIn">
<var>${delete_button}</var>
<arg>//div[@class='rt-tr-group'][${row_id}]/div/div/div/span[@title='Delete']</arg>
<doc>Returns the given values which can then be assigned to a variables.</doc>
<msg timestamp="20230329 09:57:24.018" level="INFO">${delete_button} = //div[@class='rt-tr-group'][4]/div/div/div/span[@title='Delete']</msg>
<status status="PASS" starttime="20230329 09:57:24.018" endtime="20230329 09:57:24.018"/>
</kw>
<kw name="UI click element" library="interactions">
<arg>${delete_button}</arg>
<kw name="Wait Until Element Is Visible" library="SeleniumLibrary">
<arg>${locator}</arg>
<doc>Waits until the element ``locator`` is visible.</doc>
<status status="PASS" starttime="20230329 09:57:24.021" endtime="20230329 09:57:24.053"/>
</kw>
<kw name="Wait Until Element Is Enabled" library="SeleniumLibrary">
<arg>${locator}</arg>
<doc>Waits until the element ``locator`` is enabled.</doc>
<status status="PASS" starttime="20230329 09:57:24.053" endtime="20230329 09:57:24.088"/>
</kw>
<kw name="Click Element" library="SeleniumLibrary">
<arg>${locator}</arg>
<doc>Click the element identified by ``locator``.</doc>
<msg timestamp="20230329 09:57:24.088" level="INFO">Clicking element '//div[@class='rt-tr-group'][4]/div/div/div/span[@title='Delete']'.</msg>
<status status="PASS" starttime="20230329 09:57:24.088" endtime="20230329 09:57:24.163"/>
</kw>
<status status="PASS" starttime="20230329 09:57:24.020" endtime="20230329 09:57:24.163"/>
</kw>
<kw name="MY teardown" library="common" type="TEARDOWN">
<kw name="Close All Browsers" library="SeleniumLibrary">
<doc>Closes all open browsers and resets the browser cache.</doc>
<status status="PASS" starttime="20230329 09:57:24.165" endtime="20230329 09:57:30.446"/>
</kw>
<status status="PASS" starttime="20230329 09:57:24.165" endtime="20230329 09:57:30.446"/>
</kw>
<status status="PASS" starttime="20230329 09:56:27.244" endtime="20230329 09:57:30.447"/>
</test>
<status status="FAIL" starttime="20230329 09:55:50.788" endtime="20230329 09:57:30.450"/>
</suite>
<statistics>
<total>
<stat pass="3" fail="1" skip="0">All Tests</stat>
</total>
<tag>
</tag>
<suite>
<stat pass="3" fail="1" skip="0" id="s1" name="demoqaTests">demoqaTests</stat>
</suite>
</statistics>
<errors>
</errors>
</robot>
